#
# There is insufficient memory for the Java Runtime Environment to continue.
# Native memory allocation (mmap) failed to map 130023424 bytes. Error detail: G1 virtual space
# Possible reasons:
#   The system is out of physical RAM or swap space
#   This process is running with CompressedOops enabled, and the Java Heap may be blocking the growth of the native heap
# Possible solutions:
#   Reduce memory load on the system
#   Increase physical memory or swap space
#   Check if swap backing store is full
#   Decrease Java heap size (-Xmx/-Xms)
#   Decrease number of Java threads
#   Decrease Java thread stack sizes (-Xss)
#   Set larger code cache with -XX:ReservedCodeCacheSize=
#   JVM is running with Unscaled Compressed Oops mode in which the Java heap is
#     placed in the first 4GB address space. The Java Heap base address is the
#     maximum limit for the native heap growth. Please use -XX:HeapBaseMinAddress
#     to set the Java Heap base and to place the Java Heap above 4GB virtual address.
# This output file may be truncated or incomplete.
#
#  Out of Memory Error (os_windows.cpp:3703), pid=28364, tid=16744
#
# JRE version:  (23.0+37) (build )
# Java VM: Java HotSpot(TM) 64-Bit Server VM (23+37-2369, mixed mode, sharing, tiered, compressed oops, compressed class ptrs, g1 gc, windows-amd64)
# No core dump will be written. Minidumps are not enabled by default on client versions of Windows
#

---------------  S U M M A R Y ------------

Command Line: -Dfile.encoding=UTF-8 --module-path=C:\Users\micro\OneDrive\Documents\NetBeansProjects\Bank management system\build\classes bank.management.system.Transaction

Host: 12th Gen Intel(R) Core(TM) i5-1235U, 12 cores, 7G,  Windows 11 , 64 bit Build 26100 (10.0.26100.2161)
Time: Wed Nov 20 02:32:40 2024 India Standard Time elapsed time: 2.041686 seconds (0d 0h 0m 2s)

---------------  T H R E A D  ---------------

Current thread (0x0000022f2a6309b0):  JavaThread "Unknown thread" [_thread_in_vm, id=16744, stack(0x000000de28900000,0x000000de28a00000) (1024K)]

Stack: [0x000000de28900000,0x000000de28a00000]
Native frames: (J=compiled Java code, j=interpreted, Vv=VM code, C=native code)
V  [jvm.dll+0x6e08a9]  (no source info available)
V  [jvm.dll+0x87da63]  (no source info available)
V  [jvm.dll+0x87feee]  (no source info available)
V  [jvm.dll+0x8805c3]  (no source info available)
V  [jvm.dll+0x27aee6]  (no source info available)
V  [jvm.dll+0x6dd1b5]  (no source info available)
V  [jvm.dll+0x6d103a]  (no source info available)
V  [jvm.dll+0x35b3ea]  (no source info available)
V  [jvm.dll+0x3637f6]  (no source info available)
V  [jvm.dll+0x34fd5e]  (no source info available)
V  [jvm.dll+0x34fff8]  (no source info available)
V  [jvm.dll+0x3289cc]  (no source info available)
V  [jvm.dll+0x32966e]  (no source info available)
V  [jvm.dll+0x8442e5]  (no source info available)
V  [jvm.dll+0x3b9848]  (no source info available)
V  [jvm.dll+0x82d0dc]  (no source info available)
V  [jvm.dll+0x454d4e]  (no source info available)
V  [jvm.dll+0x456bd1]  (no source info available)
C  [jli.dll+0x52a3]  (no source info available)
C  [ucrtbase.dll+0x14ea0]  (no source info available)
C  [KERNEL32.DLL+0x2dbe7]  (no source info available)
C  [ntdll.dll+0xdfbec]  (no source info available)

Lock stack of current Java thread (top to bottom):


---------------  P R O C E S S  ---------------

Threads class SMR info:
_java_thread_list=0x00007ffc61453618, length=0, elements={
}

Java Threads: ( => current thread )
Total: 0

Other Threads:
  0x0000022f2c9ceca0 WorkerThread "GC Thread#0"                     [id=716, stack(0x000000de28a00000,0x000000de28b00000) (1024K)]
  0x0000022f2c9e4fd0 ConcurrentGCThread "G1 Main Marker"            [id=11900, stack(0x000000de28b00000,0x000000de28c00000) (1024K)]
  0x0000022f2c9e71a0 WorkerThread "G1 Conc#0"                       [id=24096, stack(0x000000de28c00000,0x000000de28d00000) (1024K)]

[error occurred during error reporting (printing all threads), id 0xc0000005, EXCEPTION_ACCESS_VIOLATION (0xc0000005) at pc=0x00007ffc60b9bfba]
VM state: not at safepoint (not fully initialized)

VM Mutex/Monitor currently owned by a thread:  ([mutex/lock_event])
[0x00007ffc614d3a10] Heap_lock - owner thread: 0x0000022f2a6309b0

Heap address: 0x0000000085200000, size: 1966 MB, Compressed Oops mode: 32-bit

CDS archive(s) mapped at: [0x0000000000000000-0x0000000000000000-0x0000000000000000), size 0, SharedBaseAddress: 0x0000000800000000, ArchiveRelocationMode: 1.
Narrow klass base: 0x0000000000000000, Narrow klass shift: 0, Narrow klass range: 0x0

GC Precious Log:
 CardTable entry size: 512
 Card Set container configuration: InlinePtr #cards 5 size 8 Array Of Cards #cards 10 size 36 Howl #buckets 4 coarsen threshold 1843 Howl Bitmap #cards 512 size 80 coarsen threshold 460 Card regions per heap region 1 cards per card region 2048

Heap:
 garbage-first heap   total reserved 2013184K, committed 0K, used 0K [0x0000000085200000, 0x0000000100000000)
  region size 1024K, 0 young (0K), 0 survivors (0K)

[error occurred during error reporting (printing heap information), id 0xc0000005, EXCEPTION_ACCESS_VIOLATION (0xc0000005) at pc=0x00007ffc60f9c3b9]
GC Heap History (0 events):
No events

Dll operation events (1 events):
Event: 0.008 Loaded shared library C:\Program Files\Java\jdk-23\bin\java.dll

Deoptimization events (0 events):
No events

Classes loaded (0 events):
No events

Classes unloaded (0 events):
No events

Classes redefined (0 events):
No events

Internal exceptions (0 events):
No events

VM Operations (0 events):
No events

Memory protections (0 events):
No events

Nmethod flushes (0 events):
No events

Events (0 events):
No events


Dynamic libraries:
0x00007ff7be6a0000 - 0x00007ff7be6b0000 	C:\Program Files\Java\jdk-23\bin\java.exe
0x00007ffcb2480000 - 0x00007ffcb26e3000 	C:\WINDOWS\SYSTEM32\ntdll.dll
0x00007ffcb12d0000 - 0x00007ffcb1398000 	C:\WINDOWS\System32\KERNEL32.DLL
0x00007ffcafa70000 - 0x00007ffcafe21000 	C:\WINDOWS\System32\KERNELBASE.dll
0x00007ffcaf870000 - 0x00007ffcaf9bb000 	C:\WINDOWS\System32\ucrtbase.dll
0x00007ffca5660000 - 0x00007ffca5677000 	C:\Program Files\Java\jdk-23\bin\jli.dll
0x00007ffc899f0000 - 0x00007ffc89a0b000 	C:\Program Files\Java\jdk-23\bin\VCRUNTIME140.dll
0x00007ffcb0410000 - 0x00007ffcb05d8000 	C:\WINDOWS\System32\USER32.dll
0x00007ffcafa40000 - 0x00007ffcafa67000 	C:\WINDOWS\System32\win32u.dll
0x00007ffc87c70000 - 0x00007ffc87f00000 	C:\WINDOWS\WinSxS\amd64_microsoft.windows.common-controls_6595b64144ccf1df_6.0.26100.2161_none_3e0cadb0e33078e1\COMCTL32.dll
0x00007ffcb0fc0000 - 0x00007ffcb1069000 	C:\WINDOWS\System32\msvcrt.dll
0x00007ffcb0650000 - 0x00007ffcb067a000 	C:\WINDOWS\System32\GDI32.dll
0x00007ffcaffa0000 - 0x00007ffcb00c5000 	C:\WINDOWS\System32\gdi32full.dll
0x00007ffcafe30000 - 0x00007ffcafed3000 	C:\WINDOWS\System32\msvcp_win.dll
0x00007ffcb1ac0000 - 0x00007ffcb1aef000 	C:\WINDOWS\System32\IMM32.DLL
0x00007ffc917b0000 - 0x00007ffc917bc000 	C:\Program Files\Java\jdk-23\bin\vcruntime140_1.dll
0x00007ffc6dc60000 - 0x00007ffc6dcee000 	C:\Program Files\Java\jdk-23\bin\msvcp140.dll
0x00007ffc60860000 - 0x00007ffc615af000 	C:\Program Files\Java\jdk-23\bin\server\jvm.dll
0x00007ffcb1180000 - 0x00007ffcb1234000 	C:\WINDOWS\System32\ADVAPI32.dll
0x00007ffcb1080000 - 0x00007ffcb1126000 	C:\WINDOWS\System32\sechost.dll
0x00007ffcb2320000 - 0x00007ffcb2436000 	C:\WINDOWS\System32\RPCRT4.dll
0x00007ffcb0370000 - 0x00007ffcb03e4000 	C:\WINDOWS\System32\WS2_32.dll
0x00007ffcaf700000 - 0x00007ffcaf74e000 	C:\WINDOWS\SYSTEM32\POWRPROF.dll
0x00007ffca1180000 - 0x00007ffca11b6000 	C:\WINDOWS\SYSTEM32\WINMM.dll
0x00007ffc9ba10000 - 0x00007ffc9ba1b000 	C:\WINDOWS\SYSTEM32\VERSION.dll
0x00007ffcaf6e0000 - 0x00007ffcaf6f4000 	C:\WINDOWS\SYSTEM32\UMPDC.dll
0x00007ffcae6c0000 - 0x00007ffcae6da000 	C:\WINDOWS\SYSTEM32\kernel.appcore.dll
0x00007ffc90580000 - 0x00007ffc9058a000 	C:\Program Files\Java\jdk-23\bin\jimage.dll
0x00007ffcad0c0000 - 0x00007ffcad301000 	C:\WINDOWS\SYSTEM32\DBGHELP.DLL
0x00007ffcb1f10000 - 0x00007ffcb228d000 	C:\WINDOWS\System32\combase.dll
0x00007ffcb1b00000 - 0x00007ffcb1bd6000 	C:\WINDOWS\System32\OLEAUT32.dll
0x00007ffc888f0000 - 0x00007ffc88929000 	C:\WINDOWS\SYSTEM32\dbgcore.DLL
0x00007ffcb0250000 - 0x00007ffcb02e9000 	C:\WINDOWS\System32\bcryptPrimitives.dll
0x00007ffc89100000 - 0x00007ffc8911e000 	C:\Program Files\Java\jdk-23\bin\java.dll
0x00007ffcb13a0000 - 0x00007ffcb1539000 	C:\WINDOWS\System32\ole32.dll
0x00007ffcb0770000 - 0x00007ffcb0e6f000 	C:\WINDOWS\System32\SHELL32.dll

dbghelp: loaded successfully - version: 4.0.5 - missing functions: none
symbol engine: initialized successfully - sym options: 0x614 - pdb path: .;C:\Program Files\Java\jdk-23\bin;C:\WINDOWS\SYSTEM32;C:\WINDOWS\WinSxS\amd64_microsoft.windows.common-controls_6595b64144ccf1df_6.0.26100.2161_none_3e0cadb0e33078e1;C:\Program Files\Java\jdk-23\bin\server

VM Arguments:
jvm_args: -Dfile.encoding=UTF-8 --module-path=C:\Users\micro\OneDrive\Documents\NetBeansProjects\Bank management system\build\classes 
java_command: bank.management.system.Transaction
java_class_path (initial): C:\Users\micro\Downloads\jcalendar-tz-1.3.3-4.jar;C:\Users\micro\Downloads\mysql-connector-java-8.0.28.jar;C:\Users\micro\OneDrive\Documents\NetBeansProjects\Bank management system\build\classes
Launcher Type: SUN_STANDARD

[Global flags]
     intx CICompilerCount                          = 4                                         {product} {ergonomic}
     uint ConcGCThreads                            = 3                                         {product} {ergonomic}
     uint G1ConcRefinementThreads                  = 10                                        {product} {ergonomic}
   size_t G1HeapRegionSize                         = 1048576                                   {product} {ergonomic}
   size_t InitialHeapSize                          = 130023424                                 {product} {ergonomic}
   size_t MarkStackSize                            = 4194304                                   {product} {ergonomic}
   size_t MarkStackSizeMax                         = 536870912                                 {product} {ergonomic}
   size_t MaxHeapSize                              = 2061500416                                {product} {ergonomic}
   size_t MinHeapDeltaBytes                        = 1048576                                   {product} {ergonomic}
   size_t MinHeapSize                              = 8388608                                   {product} {ergonomic}
    uintx NonNMethodCodeHeapSize                   = 5832704                                {pd product} {ergonomic}
    uintx NonProfiledCodeHeapSize                  = 122945536                              {pd product} {ergonomic}
    uintx ProfiledCodeHeapSize                     = 122880000                              {pd product} {ergonomic}
    uintx ReservedCodeCacheSize                    = 251658240                              {pd product} {ergonomic}
     bool SegmentedCodeCache                       = true                                      {product} {ergonomic}
   size_t SoftMaxHeapSize                          = 2061500416                             {manageable} {ergonomic}
     bool UseCompressedOops                        = true                           {product lp64_product} {ergonomic}
     bool UseG1GC                                  = true                                      {product} {ergonomic}
     bool UseLargePagesIndividualAllocation        = false                                  {pd product} {ergonomic}

Logging:
Log output configuration:
 #0: stdout all=warning uptime,level,tags foldmultilines=false
 #1: stderr all=off uptime,level,tags foldmultilines=false

Environment Variables:
PATH=C:\Program Files (x86)\VMware\VMware Workstation\bin\;C:\Program Files\Common Files\Oracle\Java\javapath;C:\oraclexe\app\oracle\product\11.2.0\server\bin;C:\WINDOWS\system32;C:\WINDOWS;C:\WINDOWS\System32\Wbem;C:\WINDOWS\System32\WindowsPowerShell\v1.0\;C:\WINDOWS\System32\OpenSSH\;C:\Program Files\Microsoft SQL Server\150\Tools\Binn\;C:\Program Files\Microsoft SQL Server\Client SDK\ODBC\170\Tools\Binn\;C:\Program Files\HP\HP One Agent;C:\Program Files\Git\cmd;C:\Program Files\Java\jdk-17\bin;;C:\WINDOWS\system32;C:\WINDOWS;C:\WINDOWS\System32\Wbem;C:\WINDOWS\System32\WindowsPowerShell\v1.0\;C:\WINDOWS\System32\OpenSSH\;C:\Program Files\dotnet\;C:\Users\micro\AppData\Local\Programs\Python\Python311\Scripts\;C:\Users\micro\AppData\Local\Programs\Python\Python311\;C:\Users\micro\AppData\Local\Microsoft\WindowsApps;;C:\Users\micro\AppData\Local\JetBrains\IntelliJ IDEA Community Edition 2022.2.2\bin;;C:\Users\micro\AppData\Local\Programs\Microsoft VS Code\bin;C:\Users\micro\.dotnet\tools
USERNAME=micro
OS=Windows_NT
PROCESSOR_IDENTIFIER=Intel64 Family 6 Model 154 Stepping 4, GenuineIntel
TMP=C:\Users\micro\AppData\Local\Temp
TEMP=C:\Users\micro\AppData\Local\Temp




Periodic native trim disabled

---------------  S Y S T E M  ---------------

OS:
 Windows 11 , 64 bit Build 26100 (10.0.26100.2161)
OS uptime: 1 days 7:35 hours
Hyper-V role detected

CPU: total 12 (initial active 12) (6 cores per cpu, 2 threads per core) family 6 model 154 stepping 4 microcode 0x432, cx8, cmov, fxsr, ht, mmx, 3dnowpref, sse, sse2, sse3, ssse3, sse4.1, sse4.2, popcnt, lzcnt, tsc, tscinvbit, avx, avx2, aes, erms, clmul, bmi1, bmi2, adx, sha, fma, vzeroupper, clflush, clflushopt, clwb, hv, serialize, rdtscp, rdpid, fsrm, gfni, f16c, cet_ibt, cet_ss
Processor Information for processor 0
  Max Mhz: 1300, Current Mhz: 1300, Mhz Limit: 1300
Processor Information for processor 1
  Max Mhz: 1300, Current Mhz: 1300, Mhz Limit: 1300
Processor Information for processor 2
  Max Mhz: 1300, Current Mhz: 1300, Mhz Limit: 1300
Processor Information for processor 3
  Max Mhz: 1300, Current Mhz: 1300, Mhz Limit: 1300
Processor Information for processor 4
  Max Mhz: 1300, Current Mhz: 900, Mhz Limit: 897
Processor Information for processor 5
  Max Mhz: 1300, Current Mhz: 900, Mhz Limit: 897
Processor Information for processor 6
  Max Mhz: 1300, Current Mhz: 900, Mhz Limit: 897
Processor Information for processor 7
  Max Mhz: 1300, Current Mhz: 900, Mhz Limit: 897
Processor Information for processor 8
  Max Mhz: 1300, Current Mhz: 900, Mhz Limit: 897
Processor Information for processor 9
  Max Mhz: 1300, Current Mhz: 900, Mhz Limit: 897
Processor Information for processor 10
  Max Mhz: 1300, Current Mhz: 900, Mhz Limit: 897
Processor Information for processor 11
  Max Mhz: 1300, Current Mhz: 900, Mhz Limit: 897

Memory: 4k page, system-wide physical 7863M (1205M free)
TotalPageFile size 32439M (AvailPageFile size 95M)
current process WorkingSet (physical memory assigned to process): 13M, peak: 13M
current process commit charge ("private bytes"): 64M, peak: 188M

vm_info: Java HotSpot(TM) 64-Bit Server VM (23+37-2369) for windows-amd64 JRE (23+37-2369), built on 2024-08-20T16:01:23Z with MS VC++ 17.6 (VS2022)

END.
